<?xml version="1.0" encoding="UTF-8"?>
<beans xmlns="http://www.springframework.org/schema/beans"
       xmlns:xsi="http://www.w3.org/2001/XMLSchema-instance"
       xsi:schemaLocation="http://www.springframework.org/schema/beans
						http://www.springframework.org/schema/beans/spring-beans-3.0.xsd">

    <bean id="userService" class="me.kimsoar.springbook.service.UserService">
        <property name="userDao" ref="userDao" />
        <property name="userLevelUpgradePolicy" ref="userLevelUpgradePolicy" />
        <property name="transactionManager" ref="transactionManager" />
        <property name="mailSender" ref="mailSender" />
    </bean>

    <bean id="mailSender" class="me.kimsoar.springbook.service.DummyMailSender">
    </bean>

    <bean id="userDao" class="me.kimsoar.springbook.dao.UserDaoJdbc">
        <property name="dataSource" ref="dataSource" />
    </bean>

    <bean id="userLevelUpgradePolicy" class="me.kimsoar.springbook.service.UserLevelUpgradePolicyImpl">
    </bean>

    <bean id="transactionManager" class="org.springframework.jdbc.datasource.DataSourceTransactionManager">
        <property name="dataSource" ref="dataSource" />
    </bean>


    <bean id="dataSource" class="org.springframework.jdbc.datasource.SimpleDriverDataSource">
        <property name="driverClass" value="com.mysql.cj.jdbc.Driver" />
        <property name="url" value="jdbc:mysql://localhost/testdb" />
        <property name="username" value="root" />
        <property name="password" value="root123" />
    </bean>

</beans>