<?xml version="1.0" encoding="UTF-8"?>
<beans xmlns="http://www.springframework.org/schema/beans"
       xmlns:xsi="http://www.w3.org/2001/XMLSchema-instance"
       xsi:schemaLocation="http://www.springframework.org/schema/beans
						http://www.springframework.org/schema/beans/spring-beans-3.0.xsd">


    <bean id="transactionAdvice" class="me.kimsoar.springbook.service.TransactionAdvice">
        <property name="transactionManager" ref="transactionManager" />
    </bean>

    <bean id="transactionPointcut" class="org.springframework.aop.support.NameMatchMethodPointcut">
        <property name="mappedName" value="upgrade*" />
    </bean>

    <bean id="transactionAdvisor" class="org.springframework.aop.support.DefaultPointcutAdvisor">
        <property name="advice" ref="transactionAdvice" />
        <property name="pointcut" ref="transactionPointcut" />
    </bean>

    <bean id="userService" class="org.springframework.aop.framework.ProxyFactoryBean">
        <property name="target" ref="userServiceImpl" />
        <property name="interceptorNames">
            <list>
                <value>transactionAdvisor</value>
            </list>
        </property>
    </bean>

    <bean id="userServiceImpl" class="me.kimsoar.springbook.service.UserServiceImpl">
        <property name="userDao" ref="userDao" />
        <property name="userLevelUpgradePolicy" ref="userLevelUpgradePolicy" />
        <property name="mailSender" ref="mailSender" />
    </bean>

    <bean id="mailSender" class="me.kimsoar.springbook.service.DummyMailSender">
    </bean>

    <bean id="userDao" class="me.kimsoar.springbook.dao.UserDaoJdbc">
        <property name="dataSource" ref="dataSource" />
    </bean>

    <bean id="userLevelUpgradePolicy" class="me.kimsoar.springbook.service.UserLevelUpgradePolicyImpl">
    </bean>

    <bean id="transactionManager" class="org.springframework.jdbc.datasource.DataSourceTransactionManager">
        <property name="dataSource" ref="dataSource" />
    </bean>



    <bean id="dataSource" class="org.springframework.jdbc.datasource.SimpleDriverDataSource">
        <property name="driverClass" value="com.mysql.cj.jdbc.Driver" />
        <property name="url" value="jdbc:mysql://localhost/testdb" />
        <property name="username" value="root" />
        <property name="password" value="root123" />
    </bean>

</beans>